# JRE version: OpenJDK Runtime Environment (17.0.6) (build 17.0.6+0-b2043.56-10027231)
# Java VM: OpenJDK 64-Bit Server VM (17.0.6+0-b2043.56-10027231, mixed mode, tiered, compressed oops, compressed class ptrs, g1 gc, windows-amd64)
GC Precious Log:
 CPUs: 4 total, 4 available
 Memory: 12206M
 Large Page Support: Disabled
 NUMA Support: Disabled
 Compressed Oops: Enabled (32-bit)
 Heap Region Size: 1M
 Heap Min Capacity: 8M
 Heap Initial Capacity: 192M
 Heap Max Capacity: 2G
 Pre-touch: Disabled
 Parallel Workers: 4
 Concurrent Workers: 1
 Concurrent Refinement Workers: 4
 Periodic GC: Disabled
Heap:
 garbage-first heap   total 276480K, used 148725K [0x0000000080000000, 0x0000000100000000)
  region size 1024K, 10 young (10240K), 10 survivors (10240K)
 Metaspace       used 145645K, committed 146752K, reserved 1179648K
  class space    used 19518K, committed 20032K, reserved 1048576K
GC Heap History (20 events):
Event: 450.026 GC heap after
{Heap after GC invocations=80 (full 0):
 garbage-first heap   total 260096K, used 140976K [0x0000000080000000, 0x0000000100000000)
  region size 1024K, 2 young (2048K), 2 survivors (2048K)
 Metaspace       used 143050K, committed 144000K, reserved 1179648K
  class space    used 19403K, committed 19840K, reserved 1048576K
}
Event: 453.852 GC heap before
{Heap before GC invocations=80 (full 0):
 garbage-first heap   total 260096K, used 210608K [0x0000000080000000, 0x0000000100000000)
  region size 1024K, 72 young (73728K), 2 survivors (2048K)
 Metaspace       used 143600K, committed 144576K, reserved 1179648K
  class space    used 19416K, committed 19840K, reserved 1048576K
}
Event: 453.859 GC heap after
{Heap after GC invocations=81 (full 0):
 garbage-first heap   total 260096K, used 144951K [0x0000000080000000, 0x0000000100000000)
  region size 1024K, 6 young (6144K), 6 survivors (6144K)
 Metaspace       used 143600K, committed 144576K, reserved 1179648K
  class space    used 19416K, committed 19840K, reserved 1048576K
}
Event: 514.883 GC heap before
{Heap before GC invocations=82 (full 0):
 garbage-first heap   total 273408K, used 229943K [0x0000000080000000, 0x0000000100000000)
  region size 1024K, 75 young (76800K), 6 survivors (6144K)
 Metaspace       used 144036K, committed 145024K, reserved 1179648K
  class space    used 19435K, committed 19904K, reserved 1048576K
}
Event: 514.899 GC heap after
{Heap after GC invocations=83 (full 0):
 garbage-first heap   total 273408K, used 148979K [0x0000000080000000, 0x0000000100000000)
  region size 1024K, 10 young (10240K), 10 survivors (10240K)
 Metaspace       used 144036K, committed 145024K, reserved 1179648K
  class space    used 19435K, committed 19904K, reserved 1048576K
}
Event: 514.980 GC heap before
{Heap before GC invocations=83 (full 0):
 garbage-first heap   total 273408K, used 152051K [0x0000000080000000, 0x0000000100000000)
  region size 1024K, 13 young (13312K), 10 survivors (10240K)
 Metaspace       used 144036K, committed 145024K, reserved 1179648K
  class space    used 19435K, committed 19904K, reserved 1048576K
}
Event: 515.009 GC heap after
{Heap after GC invocations=84 (full 0):
 garbage-first heap   total 273408K, used 137592K [0x0000000080000000, 0x0000000100000000)
  region size 1024K, 2 young (2048K), 2 survivors (2048K)
 Metaspace       used 144036K, committed 145024K, reserved 1179648K
  class space    used 19435K, committed 19904K, reserved 1048576K
}
Event: 518.894 GC heap before
{Heap before GC invocations=84 (full 0):
 garbage-first heap   total 273408K, used 193912K [0x0000000080000000, 0x0000000100000000)
  region size 1024K, 59 young (60416K), 2 survivors (2048K)
 Metaspace       used 144428K, committed 145472K, reserved 1179648K
  class space    used 19453K, committed 19904K, reserved 1048576K
}
Event: 518.899 GC heap after
{Heap after GC invocations=85 (full 0):
 garbage-first heap   total 273408K, used 139123K [0x0000000080000000, 0x0000000100000000)
  region size 1024K, 4 young (4096K), 4 survivors (4096K)
 Metaspace       used 144428K, committed 145472K, reserved 1179648K
  class space    used 19453K, committed 19904K, reserved 1048576K
}
Event: 1183.209 GC heap before
{Heap before GC invocations=86 (full 0):
 garbage-first heap   total 273408K, used 239475K [0x0000000080000000, 0x0000000100000000)
  region size 1024K, 86 young (88064K), 4 survivors (4096K)
 Metaspace       used 144823K, committed 145856K, reserved 1179648K
  class space    used 19483K, committed 19968K, reserved 1048576K
}
Event: 1183.221 GC heap after
{Heap after GC invocations=87 (full 0):
 garbage-first heap   total 273408K, used 145925K [0x0000000080000000, 0x0000000100000000)
  region size 1024K, 10 young (10240K), 10 survivors (10240K)
 Metaspace       used 144823K, committed 145856K, reserved 1179648K
  class space    used 19483K, committed 19968K, reserved 1048576K
}
Event: 1183.244 GC heap before
{Heap before GC invocations=87 (full 0):
 garbage-first heap   total 273408K, used 148997K [0x0000000080000000, 0x0000000100000000)
  region size 1024K, 13 young (13312K), 10 survivors (10240K)
 Metaspace       used 144853K, committed 145920K, reserved 1179648K
  class space    used 19491K, committed 19968K, reserved 1048576K
}
Event: 1183.264 GC heap after
{Heap after GC invocations=88 (full 0):
 garbage-first heap   total 273408K, used 138702K [0x0000000080000000, 0x0000000100000000)
  region size 1024K, 2 young (2048K), 2 survivors (2048K)
 Metaspace       used 144853K, committed 145920K, reserved 1179648K
  class space    used 19491K, committed 19968K, reserved 1048576K
}
Event: 1186.472 GC heap before
{Heap before GC invocations=88 (full 0):
 garbage-first heap   total 273408K, used 192974K [0x0000000080000000, 0x0000000100000000)
  region size 1024K, 57 young (58368K), 2 survivors (2048K)
 Metaspace       used 145133K, committed 146304K, reserved 1179648K
  class space    used 19506K, committed 20032K, reserved 1048576K
}
Event: 1186.480 GC heap after
{Heap after GC invocations=89 (full 0):
 garbage-first heap   total 273408K, used 140670K [0x0000000080000000, 0x0000000100000000)
  region size 1024K, 4 young (4096K), 4 survivors (4096K)
 Metaspace       used 145133K, committed 146304K, reserved 1179648K
  class space    used 19506K, committed 20032K, reserved 1048576K
}
Event: 2091.075 GC heap before
{Heap before GC invocations=90 (full 0):
 garbage-first heap   total 276480K, used 242046K [0x0000000080000000, 0x0000000100000000)
  region size 1024K, 87 young (89088K), 4 survivors (4096K)
 Metaspace       used 145394K, committed 146560K, reserved 1179648K
  class space    used 19507K, committed 20032K, reserved 1048576K
}
Event: 2091.088 GC heap after
{Heap after GC invocations=91 (full 0):
 garbage-first heap   total 276480K, used 147182K [0x0000000080000000, 0x0000000100000000)
  region size 1024K, 10 young (10240K), 10 survivors (10240K)
 Metaspace       used 145394K, committed 146560K, reserved 1179648K
  class space    used 19507K, committed 20032K, reserved 1048576K
}
Event: 2091.100 GC heap before
{Heap before GC invocations=91 (full 0):
 garbage-first heap   total 276480K, used 149230K [0x0000000080000000, 0x0000000100000000)
  region size 1024K, 13 young (13312K), 10 survivors (10240K)
 Metaspace       used 145395K, committed 146560K, reserved 1179648K
  class space    used 19507K, committed 20032K, reserved 1048576K
}
Event: 2091.122 GC heap after
{Heap after GC invocations=92 (full 0):
 garbage-first heap   total 276480K, used 140289K [0x0000000080000000, 0x0000000100000000)
  region size 1024K, 2 young (2048K), 2 survivors (2048K)
 Metaspace       used 145395K, committed 146560K, reserved 1179648K
  class space    used 19507K, committed 20032K, reserved 1048576K
}
Event: 2115.191 GC heap before
{Heap before GC invocations=92 (full 0):
 garbage-first heap   total 276480K, used 228353K [0x0000000080000000, 0x0000000100000000)
  region size 1024K, 88 young (90112K), 2 survivors (2048K)
 Metaspace       used 145645K, committed 146752K, reserved 1179648K
  class space    used 19518K, committed 20032K, reserved 1048576K
}

